2024/10/12 13:00:14 INFO request revieved name=A
2024/10/12 13:00:14 INFO starting handler id=grID-1-A name=A
2024/10/12 13:00:14 INFO handler running ccId=grID-1-A name=A
2024/10/12 13:00:15 INFO handler running ccId=grID-1-A name=A
2024/10/12 13:00:16 INFO request revieved name=A
2024/10/12 13:00:16 INFO starting handler id=grID-2-B name=A
2024/10/12 13:00:16 INFO handler running ccId=grID-2-B name=A
2024/10/12 13:00:16 INFO handler running ccId=grID-1-A name=A
2024/10/12 13:00:17 INFO request revieved name=A
2024/10/12 13:00:17 INFO starting handler id=grID-3-C name=A
2024/10/12 13:00:17 INFO handler running ccId=grID-3-C name=A
2024/10/12 13:00:17 INFO handler running ccId=grID-2-B name=A
2024/10/12 13:00:17 INFO handler running ccId=grID-1-A name=A
2024/10/12 13:00:18 INFO handler running ccId=grID-3-C name=A
2024/10/12 13:00:18 INFO handler running ccId=grID-2-B name=A
2024/10/12 13:00:18 INFO handler running ccId=grID-1-A name=A
2024/10/12 13:00:19 INFO handler running ccId=grID-3-C name=A
2024/10/12 13:00:19 INFO handler running ccId=grID-2-B name=A
2024/10/12 13:00:19 INFO handler running ccId=grID-1-A name=A
2024/10/12 13:00:20 INFO handler running ccId=grID-3-C name=A
2024/10/12 13:00:20 INFO handler running ccId=grID-2-B name=A
2024/10/12 13:00:20 INFO handler running ccId=grID-1-A name=A
2024/10/12 13:00:21 INFO handler running ccId=grID-3-C name=A
2024/10/12 13:00:21 INFO handler running ccId=grID-2-B name=A
2024/10/12 13:00:21 INFO handler running ccId=grID-1-A name=A
2024/10/12 13:00:22 INFO handler running ccId=grID-3-C name=A
2024/10/12 13:00:22 INFO handler running ccId=grID-2-B name=A
2024/10/12 13:00:22 INFO handler running ccId=grID-1-A name=A
2024/10/12 13:00:23 INFO handler running ccId=grID-3-C name=A
2024/10/12 13:00:23 INFO handler running ccId=grID-2-B name=A
2024/10/12 13:00:23 INFO handler running ccId=grID-1-A name=A
2024/10/12 13:00:24 INFO request revieved name=D
2024/10/12 13:00:24 INFO starting handler id=grID-4-D name=D
2024/10/12 13:00:24 INFO handler running ccId=grID-4-D name=D
2024/10/12 13:00:24 INFO handler running ccId=grID-3-C name=D
2024/10/12 13:00:24 INFO handler running ccId=grID-2-B name=D
2024/10/12 13:00:24 INFO handler done ccId=grID-1-A name=D
2024/10/12 13:00:25 INFO handler running ccId=grID-4-D name=D
2024/10/12 13:00:25 INFO handler running ccId=grID-3-C name=D
2024/10/12 13:00:25 INFO handler running ccId=grID-2-B name=D
2024/10/12 13:00:26 INFO handler running ccId=grID-4-D name=D
2024/10/12 13:00:26 INFO handler running ccId=grID-3-C name=D
2024/10/12 13:00:26 INFO handler done ccId=grID-2-B name=D
2024/10/12 13:00:27 INFO handler running ccId=grID-4-D name=D
2024/10/12 13:00:27 INFO handler done ccId=grID-3-C name=D
2024/10/12 13:00:28 INFO handler running ccId=grID-4-D name=D
2024/10/12 13:00:29 INFO handler running ccId=grID-4-D name=D
2024/10/12 13:00:30 INFO handler running ccId=grID-4-D name=D
2024/10/12 13:00:31 INFO handler running ccId=grID-4-D name=D
2024/10/12 13:00:32 INFO handler running ccId=grID-4-D name=D
2024/10/12 13:00:33 INFO handler running ccId=grID-4-D name=D
2024/10/12 13:00:34 INFO handler done ccId=grID-4-D name=D
2024/10/12 13:00:38 INFO request revieved name=E
2024/10/12 13:00:38 INFO starting handler id=grID-5-E name=E
2024/10/12 13:00:38 INFO handler running ccId=grID-5-E name=E
2024/10/12 13:00:39 INFO handler running ccId=grID-5-E name=E
2024/10/12 13:00:40 INFO handler running ccId=grID-5-E name=E
2024/10/12 13:00:41 INFO handler running ccId=grID-5-E name=E
2024/10/12 13:00:42 INFO handler running ccId=grID-5-E name=E
2024/10/12 13:00:43 INFO handler running ccId=grID-5-E name=E
2024/10/12 13:00:44 INFO handler running ccId=grID-5-E name=E
